#
# There is insufficient memory for the Java Runtime Environment to continue.
# Native memory allocation (malloc) failed to allocate 1129584 bytes. Error detail: Chunk::new
# Possible reasons:
#   The system is out of physical RAM or swap space
#   This process is running with CompressedOops enabled, and the Java Heap may be blocking the growth of the native heap
# Possible solutions:
#   Reduce memory load on the system
#   Increase physical memory or swap space
#   Check if swap backing store is full
#   Decrease Java heap size (-Xmx/-Xms)
#   Decrease number of Java threads
#   Decrease Java thread stack sizes (-Xss)
#   Set larger code cache with -XX:ReservedCodeCacheSize=
#   JVM is running with Unscaled Compressed Oops mode in which the Java heap is
#     placed in the first 4GB address space. The Java Heap base address is the
#     maximum limit for the native heap growth. Please use -XX:HeapBaseMinAddress
#     to set the Java Heap base and to place the Java Heap above 4GB virtual address.
# This output file may be truncated or incomplete.
#
#  Out of Memory Error (arena.cpp:168), pid=12400, tid=7496
#
# JRE version: OpenJDK Runtime Environment JBR-21.0.4+13-509.26-jcef (21.0.4+13) (build 21.0.4+13-b509.26)
# Java VM: OpenJDK 64-Bit Server VM JBR-21.0.4+13-509.26-jcef (21.0.4+13-b509.26, mixed mode, tiered, compressed oops, compressed class ptrs, g1 gc, windows-amd64)
# No core dump will be written. Minidumps are not enabled by default on client versions of Windows
#

---------------  S U M M A R Y ------------

Command Line: git4idea.http.GitAskPassApp Username for 'https://github.com': 

Host: 12th Gen Intel(R) Core(TM) i3-1215U, 8 cores, 7G,  Windows 11 , 64 bit Build 26100 (10.0.26100.4484)
Time: Thu Jul 17 11:01:37 2025 South Africa Standard Time elapsed time: 2.580722 seconds (0d 0h 0m 2s)

---------------  T H R E A D  ---------------

Current thread (0x000001a513b2f3e0):  JavaThread "C2 CompilerThread0" daemon [_thread_in_native, id=7496, stack(0x0000000429500000,0x0000000429600000) (1024K)]


Current CompileTask:
C2:   2580 1112       4       sun.security.ec.ECOperations::setDouble (463 bytes)

Stack: [0x0000000429500000,0x0000000429600000]
Native frames: (J=compiled Java code, j=interpreted, Vv=VM code, C=native code)
V  [jvm.dll+0x6e3739]
V  [jvm.dll+0x8c0c33]
V  [jvm.dll+0x8c318e]
V  [jvm.dll+0x8c3873]
V  [jvm.dll+0x288256]
V  [jvm.dll+0xc613d]
V  [jvm.dll+0xc6673]
V  [jvm.dll+0x3c301b]
V  [jvm.dll+0x1e5d82]
V  [jvm.dll+0x24fcc4]
V  [jvm.dll+0x24f141]
V  [jvm.dll+0x1cd074]
V  [jvm.dll+0x25e88c]
V  [jvm.dll+0x25cdd6]
V  [jvm.dll+0x3fe076]
V  [jvm.dll+0x8688c8]
V  [jvm.dll+0x6e1f3d]
C  [ucrtbase.dll+0x37b0]
C  [KERNEL32.DLL+0x2e8d7]
C  [ntdll.dll+0x3c34c]


---------------  P R O C E S S  ---------------

Threads class SMR info:
_java_thread_list=0x000001a51837fda0, length=14, elements={
0x000001a579383680, 0x000001a513ad9560, 0x000001a513ad9fc0, 0x000001a513b26ab0,
0x000001a513b27120, 0x000001a513b27b80, 0x000001a513b2b470, 0x000001a513b2f3e0,
0x000001a513b34f00, 0x000001a513cf38f0, 0x000001a513cff7d0, 0x000001a51833ae80,
0x000001a5183bc6f0, 0x000001a5183f5eb0
}

Java Threads: ( => current thread )
  0x000001a579383680 JavaThread "main"                              [_thread_blocked, id=7480, stack(0x0000000428700000,0x0000000428800000) (1024K)]
  0x000001a513ad9560 JavaThread "Reference Handler"          daemon [_thread_blocked, id=30940, stack(0x0000000428f00000,0x0000000429000000) (1024K)]
  0x000001a513ad9fc0 JavaThread "Finalizer"                  daemon [_thread_blocked, id=34856, stack(0x0000000429000000,0x0000000429100000) (1024K)]
  0x000001a513b26ab0 JavaThread "Signal Dispatcher"          daemon [_thread_blocked, id=4228, stack(0x0000000429100000,0x0000000429200000) (1024K)]
  0x000001a513b27120 JavaThread "Attach Listener"            daemon [_thread_blocked, id=30472, stack(0x0000000429200000,0x0000000429300000) (1024K)]
  0x000001a513b27b80 JavaThread "Service Thread"             daemon [_thread_blocked, id=4364, stack(0x0000000429300000,0x0000000429400000) (1024K)]
  0x000001a513b2b470 JavaThread "Monitor Deflation Thread"   daemon [_thread_blocked, id=17092, stack(0x0000000429400000,0x0000000429500000) (1024K)]
=>0x000001a513b2f3e0 JavaThread "C2 CompilerThread0"         daemon [_thread_in_native, id=7496, stack(0x0000000429500000,0x0000000429600000) (1024K)]
  0x000001a513b34f00 JavaThread "C1 CompilerThread0"         daemon [_thread_blocked, id=33984, stack(0x0000000429600000,0x0000000429700000) (1024K)]
  0x000001a513cf38f0 JavaThread "Notification Thread"        daemon [_thread_blocked, id=36156, stack(0x0000000429700000,0x0000000429800000) (1024K)]
  0x000001a513cff7d0 JavaThread "Common-Cleaner"             daemon [_thread_blocked, id=36540, stack(0x0000000429800000,0x0000000429900000) (1024K)]
  0x000001a51833ae80 JavaThread "HttpClient-1-SelectorManager" daemon [_thread_in_native, id=5744, stack(0x0000000429900000,0x0000000429a00000) (1024K)]
  0x000001a5183bc6f0 JavaThread "HttpClient-1-Worker-0"      daemon [_thread_in_vm, id=37912, stack(0x0000000429b00000,0x0000000429c00000) (1024K)]
  0x000001a5183f5eb0 JavaThread "HttpClient-1-Worker-1"      daemon [_thread_blocked, id=31352, stack(0x0000000429c00000,0x0000000429d00000) (1024K)]
Total: 14

Other Threads:
  0x000001a51397ea50 VMThread "VM Thread"                           [id=22596, stack(0x0000000428e00000,0x0000000428f00000) (1024K)]
  0x000001a5138f6df0 WatcherThread "VM Periodic Task Thread"        [id=1032, stack(0x0000000428d00000,0x0000000428e00000) (1024K)]
  0x000001a57b5500a0 WorkerThread "GC Thread#0"                     [id=36496, stack(0x0000000428800000,0x0000000428900000) (1024K)]
  0x000001a57b562690 ConcurrentGCThread "G1 Main Marker"            [id=27488, stack(0x0000000428900000,0x0000000428a00000) (1024K)]
  0x000001a57b563190 WorkerThread "G1 Conc#0"                       [id=31364, stack(0x0000000428a00000,0x0000000428b00000) (1024K)]
  0x000001a5137c75c0 ConcurrentGCThread "G1 Refine#0"               [id=28716, stack(0x0000000428b00000,0x0000000428c00000) (1024K)]
  0x000001a5137c9ee0 ConcurrentGCThread "G1 Service"                [id=25796, stack(0x0000000428c00000,0x0000000428d00000) (1024K)]
Total: 7

Threads with active compile tasks:
C2 CompilerThread0     2640 1112       4       sun.security.ec.ECOperations::setDouble (463 bytes)
C1 CompilerThread0     2640 1142       3       java.lang.invoke.LambdaFormBuffer::changeName (149 bytes)
Total: 2

VM state: not at safepoint (normal execution)

VM Mutex/Monitor currently owned by a thread: None

Heap address: 0x0000000084400000, size: 1980 MB, Compressed Oops mode: 32-bit

CDS archive(s) not mapped
Compressed class space mapped at: 0x0000000100000000-0x0000000140000000, reserved size: 1073741824
Narrow klass base: 0x0000000000000000, Narrow klass shift: 3, Narrow klass range: 0x140000000

GC Precious Log:
 CardTable entry size: 512
 Card Set container configuration: InlinePtr #cards 5 size 8 Array Of Cards #cards 12 size 40 Howl #buckets 4 coarsen threshold 1843 Howl Bitmap #cards 512 size 80 coarsen threshold 460 Card regions per heap region 1 cards per card region 2048
 CPUs: 8 total, 8 available
 Memory: 7916M
 Large Page Support: Disabled
 NUMA Support: Disabled
 Compressed Oops: Enabled (32-bit)
 Heap Region Size: 1M
 Heap Min Capacity: 8M
 Heap Initial Capacity: 124M
 Heap Max Capacity: 1980M
 Pre-touch: Disabled
 Parallel Workers: 8
 Concurrent Workers: 2
 Concurrent Refinement Workers: 8
 Periodic GC: Disabled

Heap:
 garbage-first heap   total 126976K, used 14336K [0x0000000084400000, 0x0000000100000000)
  region size 1024K, 15 young (15360K), 0 survivors (0K)
 Metaspace       used 17613K, committed 17856K, reserved 1114112K
  class space    used 1725K, committed 1856K, reserved 1048576K

Heap Regions: E=young(eden), S=young(survivor), O=old, HS=humongous(starts), HC=humongous(continues), CS=collection set, F=free, TAMS=top-at-mark-start, PB=parsable bottom
|   0|0x0000000084400000, 0x0000000084400000, 0x0000000084500000|  0%| F|  |TAMS 0x0000000084400000| PB 0x0000000084400000| Untracked 
|   1|0x0000000084500000, 0x0000000084500000, 0x0000000084600000|  0%| F|  |TAMS 0x0000000084500000| PB 0x0000000084500000| Untracked 
|   2|0x0000000084600000, 0x0000000084600000, 0x0000000084700000|  0%| F|  |TAMS 0x0000000084600000| PB 0x0000000084600000| Untracked 
|   3|0x0000000084700000, 0x0000000084700000, 0x0000000084800000|  0%| F|  |TAMS 0x0000000084700000| PB 0x0000000084700000| Untracked 
|   4|0x0000000084800000, 0x0000000084800000, 0x0000000084900000|  0%| F|  |TAMS 0x0000000084800000| PB 0x0000000084800000| Untracked 
|   5|0x0000000084900000, 0x0000000084900000, 0x0000000084a00000|  0%| F|  |TAMS 0x0000000084900000| PB 0x0000000084900000| Untracked 
|   6|0x0000000084a00000, 0x0000000084a00000, 0x0000000084b00000|  0%| F|  |TAMS 0x0000000084a00000| PB 0x0000000084a00000| Untracked 
|   7|0x0000000084b00000, 0x0000000084b00000, 0x0000000084c00000|  0%| F|  |TAMS 0x0000000084b00000| PB 0x0000000084b00000| Untracked 
|   8|0x0000000084c00000, 0x0000000084c00000, 0x0000000084d00000|  0%| F|  |TAMS 0x0000000084c00000| PB 0x0000000084c00000| Untracked 
|   9|0x0000000084d00000, 0x0000000084d00000, 0x0000000084e00000|  0%| F|  |TAMS 0x0000000084d00000| PB 0x0000000084d00000| Untracked 
|  10|0x0000000084e00000, 0x0000000084e00000, 0x0000000084f00000|  0%| F|  |TAMS 0x0000000084e00000| PB 0x0000000084e00000| Untracked 
|  11|0x0000000084f00000, 0x0000000084f00000, 0x0000000085000000|  0%| F|  |TAMS 0x0000000084f00000| PB 0x0000000084f00000| Untracked 
|  12|0x0000000085000000, 0x0000000085000000, 0x0000000085100000|  0%| F|  |TAMS 0x0000000085000000| PB 0x0000000085000000| Untracked 
|  13|0x0000000085100000, 0x0000000085100000, 0x0000000085200000|  0%| F|  |TAMS 0x0000000085100000| PB 0x0000000085100000| Untracked 
|  14|0x0000000085200000, 0x0000000085200000, 0x0000000085300000|  0%| F|  |TAMS 0x0000000085200000| PB 0x0000000085200000| Untracked 
|  15|0x0000000085300000, 0x0000000085300000, 0x0000000085400000|  0%| F|  |TAMS 0x0000000085300000| PB 0x0000000085300000| Untracked 
|  16|0x0000000085400000, 0x0000000085400000, 0x0000000085500000|  0%| F|  |TAMS 0x0000000085400000| PB 0x0000000085400000| Untracked 
|  17|0x0000000085500000, 0x0000000085500000, 0x0000000085600000|  0%| F|  |TAMS 0x0000000085500000| PB 0x0000000085500000| Untracked 
|  18|0x0000000085600000, 0x0000000085600000, 0x0000000085700000|  0%| F|  |TAMS 0x0000000085600000| PB 0x0000000085600000| Untracked 
|  19|0x0000000085700000, 0x0000000085700000, 0x0000000085800000|  0%| F|  |TAMS 0x0000000085700000| PB 0x0000000085700000| Untracked 
|  20|0x0000000085800000, 0x0000000085800000, 0x0000000085900000|  0%| F|  |TAMS 0x0000000085800000| PB 0x0000000085800000| Untracked 
|  21|0x0000000085900000, 0x0000000085900000, 0x0000000085a00000|  0%| F|  |TAMS 0x0000000085900000| PB 0x0000000085900000| Untracked 
|  22|0x0000000085a00000, 0x0000000085a00000, 0x0000000085b00000|  0%| F|  |TAMS 0x0000000085a00000| PB 0x0000000085a00000| Untracked 
|  23|0x0000000085b00000, 0x0000000085b00000, 0x0000000085c00000|  0%| F|  |TAMS 0x0000000085b00000| PB 0x0000000085b00000| Untracked 
|  24|0x0000000085c00000, 0x0000000085c00000, 0x0000000085d00000|  0%| F|  |TAMS 0x0000000085c00000| PB 0x0000000085c00000| Untracked 
|  25|0x0000000085d00000, 0x0000000085d00000, 0x0000000085e00000|  0%| F|  |TAMS 0x0000000085d00000| PB 0x0000000085d00000| Untracked 
|  26|0x0000000085e00000, 0x0000000085e00000, 0x0000000085f00000|  0%| F|  |TAMS 0x0000000085e00000| PB 0x0000000085e00000| Untracked 
|  27|0x0000000085f00000, 0x0000000085f00000, 0x0000000086000000|  0%| F|  |TAMS 0x0000000085f00000| PB 0x0000000085f00000| Untracked 
|  28|0x0000000086000000, 0x0000000086000000, 0x0000000086100000|  0%| F|  |TAMS 0x0000000086000000| PB 0x0000000086000000| Untracked 
|  29|0x0000000086100000, 0x0000000086100000, 0x0000000086200000|  0%| F|  |TAMS 0x0000000086100000| PB 0x0000000086100000| Untracked 
|  30|0x0000000086200000, 0x0000000086200000, 0x0000000086300000|  0%| F|  |TAMS 0x0000000086200000| PB 0x0000000086200000| Untracked 
|  31|0x0000000086300000, 0x0000000086300000, 0x0000000086400000|  0%| F|  |TAMS 0x0000000086300000| PB 0x0000000086300000| Untracked 
|  32|0x0000000086400000, 0x0000000086400000, 0x0000000086500000|  0%| F|  |TAMS 0x0000000086400000| PB 0x0000000086400000| Untracked 
|  33|0x0000000086500000, 0x0000000086500000, 0x0000000086600000|  0%| F|  |TAMS 0x0000000086500000| PB 0x0000000086500000| Untracked 
|  34|0x0000000086600000, 0x0000000086600000, 0x0000000086700000|  0%| F|  |TAMS 0x0000000086600000| PB 0x0000000086600000| Untracked 
|  35|0x0000000086700000, 0x0000000086700000, 0x0000000086800000|  0%| F|  |TAMS 0x0000000086700000| PB 0x0000000086700000| Untracked 
|  36|0x0000000086800000, 0x0000000086800000, 0x0000000086900000|  0%| F|  |TAMS 0x0000000086800000| PB 0x0000000086800000| Untracked 
|  37|0x0000000086900000, 0x0000000086900000, 0x0000000086a00000|  0%| F|  |TAMS 0x0000000086900000| PB 0x0000000086900000| Untracked 
|  38|0x0000000086a00000, 0x0000000086a00000, 0x0000000086b00000|  0%| F|  |TAMS 0x0000000086a00000| PB 0x0000000086a00000| Untracked 
|  39|0x0000000086b00000, 0x0000000086b00000, 0x0000000086c00000|  0%| F|  |TAMS 0x0000000086b00000| PB 0x0000000086b00000| Untracked 
|  40|0x0000000086c00000, 0x0000000086c00000, 0x0000000086d00000|  0%| F|  |TAMS 0x0000000086c00000| PB 0x0000000086c00000| Untracked 
|  41|0x0000000086d00000, 0x0000000086d00000, 0x0000000086e00000|  0%| F|  |TAMS 0x0000000086d00000| PB 0x0000000086d00000| Untracked 
|  42|0x0000000086e00000, 0x0000000086e00000, 0x0000000086f00000|  0%| F|  |TAMS 0x0000000086e00000| PB 0x0000000086e00000| Untracked 
|  43|0x0000000086f00000, 0x0000000086f00000, 0x0000000087000000|  0%| F|  |TAMS 0x0000000086f00000| PB 0x0000000086f00000| Untracked 
|  44|0x0000000087000000, 0x0000000087000000, 0x0000000087100000|  0%| F|  |TAMS 0x0000000087000000| PB 0x0000000087000000| Untracked 
|  45|0x0000000087100000, 0x0000000087100000, 0x0000000087200000|  0%| F|  |TAMS 0x0000000087100000| PB 0x0000000087100000| Untracked 
|  46|0x0000000087200000, 0x0000000087200000, 0x0000000087300000|  0%| F|  |TAMS 0x0000000087200000| PB 0x0000000087200000| Untracked 
|  47|0x0000000087300000, 0x0000000087300000, 0x0000000087400000|  0%| F|  |TAMS 0x0000000087300000| PB 0x0000000087300000| Untracked 
|  48|0x0000000087400000, 0x0000000087400000, 0x0000000087500000|  0%| F|  |TAMS 0x0000000087400000| PB 0x0000000087400000| Untracked 
|  49|0x0000000087500000, 0x0000000087500000, 0x0000000087600000|  0%| F|  |TAMS 0x0000000087500000| PB 0x0000000087500000| Untracked 
|  50|0x0000000087600000, 0x0000000087600000, 0x0000000087700000|  0%| F|  |TAMS 0x0000000087600000| PB 0x0000000087600000| Untracked 
|  51|0x0000000087700000, 0x0000000087700000, 0x0000000087800000|  0%| F|  |TAMS 0x0000000087700000| PB 0x0000000087700000| Untracked 
|  52|0x0000000087800000, 0x0000000087800000, 0x0000000087900000|  0%| F|  |TAMS 0x0000000087800000| PB 0x0000000087800000| Untracked 
|  53|0x0000000087900000, 0x0000000087900000, 0x0000000087a00000|  0%| F|  |TAMS 0x0000000087900000| PB 0x0000000087900000| Untracked 
|  54|0x0000000087a00000, 0x0000000087a00000, 0x0000000087b00000|  0%| F|  |TAMS 0x0000000087a00000| PB 0x0000000087a00000| Untracked 
|  55|0x0000000087b00000, 0x0000000087b00000, 0x0000000087c00000|  0%| F|  |TAMS 0x0000000087b00000| PB 0x0000000087b00000| Untracked 
|  56|0x0000000087c00000, 0x0000000087c00000, 0x0000000087d00000|  0%| F|  |TAMS 0x0000000087c00000| PB 0x0000000087c00000| Untracked 
|  57|0x0000000087d00000, 0x0000000087d00000, 0x0000000087e00000|  0%| F|  |TAMS 0x0000000087d00000| PB 0x0000000087d00000| Untracked 
|  58|0x0000000087e00000, 0x0000000087e00000, 0x0000000087f00000|  0%| F|  |TAMS 0x0000000087e00000| PB 0x0000000087e00000| Untracked 
|  59|0x0000000087f00000, 0x0000000087f00000, 0x0000000088000000|  0%| F|  |TAMS 0x0000000087f00000| PB 0x0000000087f00000| Untracked 
|  60|0x0000000088000000, 0x0000000088000000, 0x0000000088100000|  0%| F|  |TAMS 0x0000000088000000| PB 0x0000000088000000| Untracked 
|  61|0x0000000088100000, 0x0000000088100000, 0x0000000088200000|  0%| F|  |TAMS 0x0000000088100000| PB 0x0000000088100000| Untracked 
|  62|0x0000000088200000, 0x0000000088200000, 0x0000000088300000|  0%| F|  |TAMS 0x0000000088200000| PB 0x0000000088200000| Untracked 
|  63|0x0000000088300000, 0x0000000088300000, 0x0000000088400000|  0%| F|  |TAMS 0x0000000088300000| PB 0x0000000088300000| Untracked 
|  64|0x0000000088400000, 0x0000000088400000, 0x0000000088500000|  0%| F|  |TAMS 0x0000000088400000| PB 0x0000000088400000| Untracked 
|  65|0x0000000088500000, 0x0000000088500000, 0x0000000088600000|  0%| F|  |TAMS 0x0000000088500000| PB 0x0000000088500000| Untracked 
|  66|0x0000000088600000, 0x0000000088600000, 0x0000000088700000|  0%| F|  |TAMS 0x0000000088600000| PB 0x0000000088600000| Untracked 
|  67|0x0000000088700000, 0x0000000088700000, 0x0000000088800000|  0%| F|  |TAMS 0x0000000088700000| PB 0x0000000088700000| Untracked 
|  68|0x0000000088800000, 0x0000000088800000, 0x0000000088900000|  0%| F|  |TAMS 0x0000000088800000| PB 0x0000000088800000| Untracked 
|  69|0x0000000088900000, 0x0000000088900000, 0x0000000088a00000|  0%| F|  |TAMS 0x0000000088900000| PB 0x0000000088900000| Untracked 
|  70|0x0000000088a00000, 0x0000000088a00000, 0x0000000088b00000|  0%| F|  |TAMS 0x0000000088a00000| PB 0x0000000088a00000| Untracked 
|  71|0x0000000088b00000, 0x0000000088b00000, 0x0000000088c00000|  0%| F|  |TAMS 0x0000000088b00000| PB 0x0000000088b00000| Untracked 
|  72|0x0000000088c00000, 0x0000000088c00000, 0x0000000088d00000|  0%| F|  |TAMS 0x0000000088c00000| PB 0x0000000088c00000| Untracked 
|  73|0x0000000088d00000, 0x0000000088d00000, 0x0000000088e00000|  0%| F|  |TAMS 0x0000000088d00000| PB 0x0000000088d00000| Untracked 
|  74|0x0000000088e00000, 0x0000000088e00000, 0x0000000088f00000|  0%| F|  |TAMS 0x0000000088e00000| PB 0x0000000088e00000| Untracked 
|  75|0x0000000088f00000, 0x0000000088f00000, 0x0000000089000000|  0%| F|  |TAMS 0x0000000088f00000| PB 0x0000000088f00000| Untracked 
|  76|0x0000000089000000, 0x0000000089000000, 0x0000000089100000|  0%| F|  |TAMS 0x0000000089000000| PB 0x0000000089000000| Untracked 
|  77|0x0000000089100000, 0x0000000089100000, 0x0000000089200000|  0%| F|  |TAMS 0x0000000089100000| PB 0x0000000089100000| Untracked 
|  78|0x0000000089200000, 0x0000000089200000, 0x0000000089300000|  0%| F|  |TAMS 0x0000000089200000| PB 0x0000000089200000| Untracked 
|  79|0x0000000089300000, 0x0000000089300000, 0x0000000089400000|  0%| F|  |TAMS 0x0000000089300000| PB 0x0000000089300000| Untracked 
|  80|0x0000000089400000, 0x0000000089400000, 0x0000000089500000|  0%| F|  |TAMS 0x0000000089400000| PB 0x0000000089400000| Untracked 
|  81|0x0000000089500000, 0x0000000089500000, 0x0000000089600000|  0%| F|  |TAMS 0x0000000089500000| PB 0x0000000089500000| Untracked 
|  82|0x0000000089600000, 0x0000000089600000, 0x0000000089700000|  0%| F|  |TAMS 0x0000000089600000| PB 0x0000000089600000| Untracked 
|  83|0x0000000089700000, 0x0000000089700000, 0x0000000089800000|  0%| F|  |TAMS 0x0000000089700000| PB 0x0000000089700000| Untracked 
|  84|0x0000000089800000, 0x0000000089800000, 0x0000000089900000|  0%| F|  |TAMS 0x0000000089800000| PB 0x0000000089800000| Untracked 
|  85|0x0000000089900000, 0x0000000089900000, 0x0000000089a00000|  0%| F|  |TAMS 0x0000000089900000| PB 0x0000000089900000| Untracked 
|  86|0x0000000089a00000, 0x0000000089a00000, 0x0000000089b00000|  0%| F|  |TAMS 0x0000000089a00000| PB 0x0000000089a00000| Untracked 
|  87|0x0000000089b00000, 0x0000000089b00000, 0x0000000089c00000|  0%| F|  |TAMS 0x0000000089b00000| PB 0x0000000089b00000| Untracked 
|  88|0x0000000089c00000, 0x0000000089c00000, 0x0000000089d00000|  0%| F|  |TAMS 0x0000000089c00000| PB 0x0000000089c00000| Untracked 
|  89|0x0000000089d00000, 0x0000000089d00000, 0x0000000089e00000|  0%| F|  |TAMS 0x0000000089d00000| PB 0x0000000089d00000| Untracked 
|  90|0x0000000089e00000, 0x0000000089e00000, 0x0000000089f00000|  0%| F|  |TAMS 0x0000000089e00000| PB 0x0000000089e00000| Untracked 
|  91|0x0000000089f00000, 0x0000000089f00000, 0x000000008a000000|  0%| F|  |TAMS 0x0000000089f00000| PB 0x0000000089f00000| Untracked 
|  92|0x000000008a000000, 0x000000008a000000, 0x000000008a100000|  0%| F|  |TAMS 0x000000008a000000| PB 0x000000008a000000| Untracked 
|  93|0x000000008a100000, 0x000000008a100000, 0x000000008a200000|  0%| F|  |TAMS 0x000000008a100000| PB 0x000000008a100000| Untracked 
|  94|0x000000008a200000, 0x000000008a200000, 0x000000008a300000|  0%| F|  |TAMS 0x000000008a200000| PB 0x000000008a200000| Untracked 
|  95|0x000000008a300000, 0x000000008a300000, 0x000000008a400000|  0%| F|  |TAMS 0x000000008a300000| PB 0x000000008a300000| Untracked 
|  96|0x000000008a400000, 0x000000008a400000, 0x000000008a500000|  0%| F|  |TAMS 0x000000008a400000| PB 0x000000008a400000| Untracked 
|  97|0x000000008a500000, 0x000000008a500000, 0x000000008a600000|  0%| F|  |TAMS 0x000000008a500000| PB 0x000000008a500000| Untracked 
|  98|0x000000008a600000, 0x000000008a600000, 0x000000008a700000|  0%| F|  |TAMS 0x000000008a600000| PB 0x000000008a600000| Untracked 
|  99|0x000000008a700000, 0x000000008a700000, 0x000000008a800000|  0%| F|  |TAMS 0x000000008a700000| PB 0x000000008a700000| Untracked 
| 100|0x000000008a800000, 0x000000008a800000, 0x000000008a900000|  0%| F|  |TAMS 0x000000008a800000| PB 0x000000008a800000| Untracked 
| 101|0x000000008a900000, 0x000000008a900000, 0x000000008aa00000|  0%| F|  |TAMS 0x000000008a900000| PB 0x000000008a900000| Untracked 
| 102|0x000000008aa00000, 0x000000008aa00000, 0x000000008ab00000|  0%| F|  |TAMS 0x000000008aa00000| PB 0x000000008aa00000| Untracked 
| 103|0x000000008ab00000, 0x000000008ab00000, 0x000000008ac00000|  0%| F|  |TAMS 0x000000008ab00000| PB 0x000000008ab00000| Untracked 
| 104|0x000000008ac00000, 0x000000008ac00000, 0x000000008ad00000|  0%| F|  |TAMS 0x000000008ac00000| PB 0x000000008ac00000| Untracked 
| 105|0x000000008ad00000, 0x000000008ad00000, 0x000000008ae00000|  0%| F|  |TAMS 0x000000008ad00000| PB 0x000000008ad00000| Untracked 
| 106|0x000000008ae00000, 0x000000008ae00000, 0x000000008af00000|  0%| F|  |TAMS 0x000000008ae00000| PB 0x000000008ae00000| Untracked 
| 107|0x000000008af00000, 0x000000008af00000, 0x000000008b000000|  0%| F|  |TAMS 0x000000008af00000| PB 0x000000008af00000| Untracked 
| 108|0x000000008b000000, 0x000000008b000000, 0x000000008b100000|  0%| F|  |TAMS 0x000000008b000000| PB 0x000000008b000000| Untracked 
| 109|0x000000008b100000, 0x000000008b176440, 0x000000008b200000| 46%| E|  |TAMS 0x000000008b100000| PB 0x000000008b100000| Complete 
| 110|0x000000008b200000, 0x000000008b300000, 0x000000008b300000|100%| E|CS|TAMS 0x000000008b200000| PB 0x000000008b200000| Complete 
| 111|0x000000008b300000, 0x000000008b400000, 0x000000008b400000|100%| E|CS|TAMS 0x000000008b300000| PB 0x000000008b300000| Complete 
| 112|0x000000008b400000, 0x000000008b500000, 0x000000008b500000|100%| E|CS|TAMS 0x000000008b400000| PB 0x000000008b400000| Complete 
| 113|0x000000008b500000, 0x000000008b600000, 0x000000008b600000|100%| E|CS|TAMS 0x000000008b500000| PB 0x000000008b500000| Complete 
| 114|0x000000008b600000, 0x000000008b700000, 0x000000008b700000|100%| E|CS|TAMS 0x000000008b600000| PB 0x000000008b600000| Complete 
| 115|0x000000008b700000, 0x000000008b800000, 0x000000008b800000|100%| E|CS|TAMS 0x000000008b700000| PB 0x000000008b700000| Complete 
| 116|0x000000008b800000, 0x000000008b900000, 0x000000008b900000|100%| E|CS|TAMS 0x000000008b800000| PB 0x000000008b800000| Complete 
| 117|0x000000008b900000, 0x000000008ba00000, 0x000000008ba00000|100%| E|CS|TAMS 0x000000008b900000| PB 0x000000008b900000| Complete 
| 118|0x000000008ba00000, 0x000000008bb00000, 0x000000008bb00000|100%| E|CS|TAMS 0x000000008ba00000| PB 0x000000008ba00000| Complete 
| 119|0x000000008bb00000, 0x000000008bc00000, 0x000000008bc00000|100%| E|CS|TAMS 0x000000008bb00000| PB 0x000000008bb00000| Complete 
| 120|0x000000008bc00000, 0x000000008bd00000, 0x000000008bd00000|100%| E|CS|TAMS 0x000000008bc00000| PB 0x000000008bc00000| Complete 
| 121|0x000000008bd00000, 0x000000008be00000, 0x000000008be00000|100%| E|CS|TAMS 0x000000008bd00000| PB 0x000000008bd00000| Complete 
| 122|0x000000008be00000, 0x000000008bf00000, 0x000000008bf00000|100%| E|CS|TAMS 0x000000008be00000| PB 0x000000008be00000| Complete 
| 123|0x000000008bf00000, 0x000000008c000000, 0x000000008c000000|100%| E|CS|TAMS 0x000000008bf00000| PB 0x000000008bf00000| Complete 

Card table byte_map: [0x000001a57fb20000,0x000001a57ff00000] _byte_map_base: 0x000001a57f6fe000

Marking Bits: (CMBitMap*) 0x000001a57b5517b0
 Bits: [0x000001a50f000000, 0x000001a510ef0000)

Polling page: 0x000001a57acc0000

Metaspace:

Usage:
  Non-class:     15.57 MB used.
      Class:      1.69 MB used.
       Both:     17.26 MB used.

Virtual space:
  Non-class space:       64.00 MB reserved,      15.69 MB ( 25%) committed,  1 nodes.
      Class space:        1.00 GB reserved,       1.81 MB ( <1%) committed,  1 nodes.
             Both:        1.06 GB reserved,      17.50 MB (  2%) committed. 

Chunk freelists:
   Non-Class:  334.00 KB
       Class:  14.20 MB
        Both:  14.53 MB

MaxMetaspaceSize: unlimited
CompressedClassSpaceSize: 1.00 GB
Initial GC threshold: 21.00 MB
Current GC threshold: 21.00 MB
CDS: off
 - commit_granule_bytes: 65536.
 - commit_granule_words: 8192.
 - virtual_space_node_default_size: 8388608.
 - enlarge_chunks_in_place: 1.
 - use_allocation_guard: 0.


Internal statistics:

num_allocs_failed_limit: 0.
num_arena_births: 226.
num_arena_deaths: 0.
num_vsnodes_births: 2.
num_vsnodes_deaths: 0.
num_space_committed: 280.
num_space_uncommitted: 0.
num_chunks_returned_to_freelist: 0.
num_chunks_taken_from_freelist: 402.
num_chunk_merges: 0.
num_chunk_splits: 226.
num_chunks_enlarged: 106.
num_inconsistent_stats: 0.

CodeHeap 'non-profiled nmethods': size=120000Kb used=368Kb max_used=368Kb free=119631Kb
 bounds [0x000001a507ad0000, 0x000001a507d40000, 0x000001a50f000000]
CodeHeap 'profiled nmethods': size=120000Kb used=1829Kb max_used=1829Kb free=118170Kb
 bounds [0x000001a500000000, 0x000001a500270000, 0x000001a507530000]
CodeHeap 'non-nmethods': size=5760Kb used=1428Kb max_used=1453Kb free=4331Kb
 bounds [0x000001a507530000, 0x000001a5077a0000, 0x000001a507ad0000]
 total_blobs=1654 nmethods=1139 adapters=420
 compilation: enabled
              stopped_count=0, restarted_count=0
 full_count=0

Compilation events (20 events):
Event: 1.357 Thread 0x000001a51843efe0 1109       4       sun.security.ec.ECOperations$PointMultiplier::lookup (84 bytes)
Event: 1.362 Thread 0x000001a513b2f3e0 nmethod 1103 0x000001a507b28d90 code [0x000001a507b28f80, 0x000001a507b29870]
Event: 1.364 Thread 0x000001a513b34f00 1110       3       sun.security.util.math.intpoly.IntegerPolynomial::get0 (10 bytes)
Event: 1.364 Thread 0x000001a513b34f00 nmethod 1110 0x000001a5001bce10 code [0x000001a5001bcfc0, 0x000001a5001bd1c0]
Event: 1.364 Thread 0x000001a513b34f00 1111       3       sun.security.util.math.intpoly.IntegerPolynomial::get0 (5 bytes)
Event: 1.364 Thread 0x000001a513b34f00 nmethod 1111 0x000001a5001bd290 code [0x000001a5001bd440, 0x000001a5001bd718]
Event: 1.365 Thread 0x000001a513b2f3e0 1112       4       sun.security.ec.ECOperations::setDouble (463 bytes)
Event: 1.376 Thread 0x000001a5183bf6c0 1113       4       sun.security.util.math.intpoly.IntegerPolynomial$MutableElement::setAdditiveInverse (32 bytes)
Event: 1.382 Thread 0x000001a5183bf6c0 nmethod 1113 0x000001a507b29d90 code [0x000001a507b29f20, 0x000001a507b2a0f0]
Event: 1.388 Thread 0x000001a51843efe0 nmethod 1109 0x000001a507b2a210 code [0x000001a507b2a400, 0x000001a507b2ae90]
Event: 1.394 Thread 0x000001a513b34f00 1114       3       sun.security.ec.ECOperations$PointMultiplier$Secp256R1GeneratorMultiplier::bit (13 bytes)
Event: 1.395 Thread 0x000001a513b34f00 nmethod 1114 0x000001a5001bd890 code [0x000001a5001bda20, 0x000001a5001bdb48]
Event: 1.396 Thread 0x000001a513b34f00 1115       3       java.util.LinkedList$ListItr::hasNext (20 bytes)
Event: 1.396 Thread 0x000001a513b34f00 nmethod 1115 0x000001a5001bdc10 code [0x000001a5001bdda0, 0x000001a5001bdf10]
Event: 1.396 Thread 0x000001a513b34f00 1116       3       java.lang.Enum::hashCode (21 bytes)
Event: 1.396 Thread 0x000001a513b34f00 nmethod 1116 0x000001a5001be010 code [0x000001a5001be1c0, 0x000001a5001be348]
Event: 1.398 Thread 0x000001a513b34f00 1117       3       java.nio.HeapByteBuffer::get (14 bytes)
Event: 1.399 Thread 0x000001a513b34f00 nmethod 1117 0x000001a5001be410 code [0x000001a5001be5e0, 0x000001a5001be8c0]
Event: 1.399 Thread 0x000001a513b34f00 1118       3       java.nio.Buffer::nextGetIndex (30 bytes)
Event: 1.400 Thread 0x000001a513b34f00 nmethod 1118 0x000001a5001bea90 code [0x000001a5001bec40, 0x000001a5001bee10]

GC Heap History (0 events):
No events

Dll operation events (2 events):
Event: 0.013 Loaded shared library C:\Program Files\JetBrains\IntelliJ IDEA 2024.2.4\jbr\bin\java.dll
Event: 0.019 Loaded shared library C:\Program Files\JetBrains\IntelliJ IDEA 2024.2.4\jbr\bin\zip.dll

Deoptimization events (20 events):
Event: 0.468 Thread 0x000001a579383680 DEOPT PACKING pc=0x000001a507ae2674 sp=0x00000004287fafb0
Event: 0.468 Thread 0x000001a579383680 DEOPT UNPACKING pc=0x000001a5075846a2 sp=0x00000004287faf40 mode 2
Event: 0.630 Thread 0x000001a579383680 DEOPT PACKING pc=0x000001a500041d23 sp=0x00000004287fdd70
Event: 0.630 Thread 0x000001a579383680 DEOPT UNPACKING pc=0x000001a507584e42 sp=0x00000004287fd208 mode 0
Event: 0.667 Thread 0x000001a579383680 Uncommon trap: trap_request=0xffffff45 fr.pc=0x000001a507aed7ac relative=0x000000000000008c
Event: 0.667 Thread 0x000001a579383680 Uncommon trap: reason=unstable_if action=reinterpret pc=0x000001a507aed7ac method=jdk.internal.misc.Unsafe.convEndian(ZI)I @ 4 c2
Event: 0.667 Thread 0x000001a579383680 DEOPT PACKING pc=0x000001a507aed7ac sp=0x00000004287fdd70
Event: 0.667 Thread 0x000001a579383680 DEOPT UNPACKING pc=0x000001a5075846a2 sp=0x00000004287fdca0 mode 2
Event: 0.840 Thread 0x000001a579383680 DEOPT PACKING pc=0x000001a50001a2f8 sp=0x00000004287fbfb0
Event: 0.840 Thread 0x000001a579383680 DEOPT UNPACKING pc=0x000001a507584e42 sp=0x00000004287fb3d0 mode 0
Event: 0.882 Thread 0x000001a579383680 DEOPT PACKING pc=0x000001a500018ed8 sp=0x00000004287fd580
Event: 0.882 Thread 0x000001a579383680 DEOPT UNPACKING pc=0x000001a507584e42 sp=0x00000004287fc9e8 mode 0
Event: 1.114 Thread 0x000001a579383680 Uncommon trap: trap_request=0xffffff45 fr.pc=0x000001a507b08d54 relative=0x0000000000000194
Event: 1.114 Thread 0x000001a579383680 Uncommon trap: reason=unstable_if action=reinterpret pc=0x000001a507b08d54 method=java.lang.invoke.VarHandle.checkAccessModeThenIsDirect(Ljava/lang/invoke/VarHandle$AccessDescriptor;)Z @ 4 c2
Event: 1.114 Thread 0x000001a579383680 DEOPT PACKING pc=0x000001a507b08d54 sp=0x00000004287fedf0
Event: 1.114 Thread 0x000001a579383680 DEOPT UNPACKING pc=0x000001a5075846a2 sp=0x00000004287fedd0 mode 2
Event: 1.192 Thread 0x000001a51833ae80 Uncommon trap: trap_request=0xffffff45 fr.pc=0x000001a507aedbd8 relative=0x0000000000000198
Event: 1.192 Thread 0x000001a51833ae80 Uncommon trap: reason=unstable_if action=reinterpret pc=0x000001a507aedbd8 method=java.lang.invoke.VarHandle.checkAccessModeThenIsDirect(Ljava/lang/invoke/VarHandle$AccessDescriptor;)Z @ 4 c2
Event: 1.192 Thread 0x000001a51833ae80 DEOPT PACKING pc=0x000001a507aedbd8 sp=0x00000004299fee60
Event: 1.192 Thread 0x000001a51833ae80 DEOPT UNPACKING pc=0x000001a5075846a2 sp=0x00000004299fed98 mode 2

Classes loaded (20 events):
Event: 1.397 Loading class sun/security/ssl/OutputRecord$T13PaddingHolder
Event: 1.397 Loading class sun/security/ssl/OutputRecord$T13PaddingHolder done
Event: 1.398 Loading class sun/security/ssl/Ciphertext
Event: 1.398 Loading class sun/security/ssl/Ciphertext done
Event: 1.398 Loading class sun/security/ssl/PostHandshakeContext
Event: 1.398 Loading class sun/security/ssl/PostHandshakeContext done
Event: 1.398 Loading class javax/net/ssl/SSLEngineResult$Status
Event: 1.398 Loading class javax/net/ssl/SSLEngineResult$Status done
Event: 1.398 Loading class javax/net/ssl/SSLEngineResult
Event: 1.398 Loading class javax/net/ssl/SSLEngineResult done
Event: 1.399 Loading class java/lang/NoSuchFieldError
Event: 1.399 Loading class java/lang/NoSuchFieldError done
Event: 1.401 Loading class sun/nio/ch/IOVecWrapper
Event: 1.402 Loading class sun/nio/ch/IOVecWrapper done
Event: 1.402 Loading class sun/nio/ch/AllocatedNativeObject
Event: 1.402 Loading class sun/nio/ch/NativeObject
Event: 1.402 Loading class sun/nio/ch/NativeObject done
Event: 1.402 Loading class sun/nio/ch/AllocatedNativeObject done
Event: 1.402 Loading class sun/nio/ch/IOVecWrapper$Deallocator
Event: 1.402 Loading class sun/nio/ch/IOVecWrapper$Deallocator done

Classes unloaded (0 events):
No events

Classes redefined (0 events):
No events

Internal exceptions (20 events):
Event: 0.837 Thread 0x000001a579383680 Exception <a 'java/lang/NoSuchMethodError'{0x000000008b94b000}: 'int java.lang.invoke.DirectMethodHandle$Holder.invokeVirtual(java.lang.Object, java.lang.Object)'> (0x000000008b94b000) 
thrown [s\src\hotspot\share\interpreter\linkResolver.cpp, line 784]
Event: 0.838 Thread 0x000001a579383680 Exception <a 'java/lang/NoSuchMethodError'{0x000000008b94f3a8}: 'int java.lang.invoke.DirectMethodHandle$Holder.invokeStaticInit(java.lang.Object, int, int)'> (0x000000008b94f3a8) 
thrown [s\src\hotspot\share\interpreter\linkResolver.cpp, line 784]
Event: 0.839 Thread 0x000001a579383680 Exception <a 'java/lang/NoSuchMethodError'{0x000000008b9569b8}: 'int java.lang.invoke.DirectMethodHandle$Holder.invokeStaticInit(java.lang.Object, long, long)'> (0x000000008b9569b8) 
thrown [s\src\hotspot\share\interpreter\linkResolver.cpp, line 784]
Event: 0.840 Thread 0x000001a579383680 Exception <a 'java/lang/NoSuchMethodError'{0x000000008b95d450}: 'int java.lang.invoke.DirectMethodHandle$Holder.invokeStaticInit(java.lang.Object, float, float)'> (0x000000008b95d450) 
thrown [s\src\hotspot\share\interpreter\linkResolver.cpp, line 784]
Event: 0.841 Thread 0x000001a579383680 Exception <a 'java/lang/NoSuchMethodError'{0x000000008b963ee0}: 'int java.lang.invoke.DirectMethodHandle$Holder.invokeStaticInit(java.lang.Object, double, double)'> (0x000000008b963ee0) 
thrown [s\src\hotspot\share\interpreter\linkResolver.cpp, line 784]
Event: 0.842 Thread 0x000001a579383680 Exception <a 'java/lang/NoSuchMethodError'{0x000000008b968690}: 'int java.lang.invoke.DirectMethodHandle$Holder.invokeStatic(java.lang.Object, long)'> (0x000000008b968690) 
thrown [s\src\hotspot\share\interpreter\linkResolver.cpp, line 784]
Event: 0.852 Thread 0x000001a579383680 Exception <a 'java/lang/NoSuchMethodError'{0x000000008b9956b0}: 'java.lang.Object java.lang.invoke.DelegatingMethodHandle$Holder.delegate(java.lang.Object, int, java.lang.Object, java.lang.Object)'> (0x000000008b9956b0) 
thrown [s\src\hotspot\share\interpreter\linkResolver.cpp, line 784]
Event: 0.858 Thread 0x000001a579383680 Exception <a 'java/lang/NoSuchMethodError'{0x000000008b9a49d0}: 'int java.lang.invoke.Invokers$Holder.linkToTargetMethod(java.lang.Object, java.lang.Object, java.lang.Object)'> (0x000000008b9a49d0) 
thrown [s\src\hotspot\share\interpreter\linkResolver.cpp, line 784]
Event: 0.870 Thread 0x000001a579383680 Exception <a 'java/lang/NoSuchMethodError'{0x000000008b9d6b98}: 'long java.lang.invoke.DirectMethodHandle$Holder.invokeSpecial(java.lang.Object, java.lang.Object)'> (0x000000008b9d6b98) 
thrown [s\src\hotspot\share\interpreter\linkResolver.cpp, line 784]
Event: 0.872 Thread 0x000001a579383680 Exception <a 'java/lang/NoSuchMethodError'{0x000000008b9dd468}: 'int java.lang.invoke.DirectMethodHandle$Holder.invokeStatic(java.lang.Object, java.lang.Object, java.lang.Object, java.lang.Object)'> (0x000000008b9dd468) 
thrown [s\src\hotspot\share\interpreter\linkResolver.cpp, line 784]
Event: 0.873 Thread 0x000001a579383680 Exception <a 'java/lang/NoSuchMethodError'{0x000000008b9e0888}: 'java.lang.Object java.lang.invoke.Invokers$Holder.invokeExact_MT(java.lang.Object, java.lang.Object, java.lang.Object, java.lang.Object, java.lang.Object, java.lang.Object)'> (0x000000008b9e0888) 
thrown [s\src\hotspot\share\interpreter\linkResolver.cpp, line 784]
Event: 1.086 Thread 0x000001a579383680 Exception <a 'java/lang/NoSuchMethodError'{0x000000008b7e17b8}: 'java.lang.Object java.lang.invoke.DirectMethodHandle$Holder.newInvokeSpecial(java.lang.Object, java.lang.Object, java.lang.Object, java.lang.Object, java.lang.Object)'> (0x000000008b7e17b8) 
thrown [s\src\hotspot\share\interpreter\linkResolver.cpp, line 784]
Event: 1.145 Thread 0x000001a579383680 Exception <a 'java/lang/NoSuchMethodError'{0x000000008b56f500}: 'java.lang.Object java.lang.invoke.DirectMethodHandle$Holder.invokeSpecial(java.lang.Object, java.lang.Object, java.lang.Object, java.lang.Object, int)'> (0x000000008b56f500) 
thrown [s\src\hotspot\share\interpreter\linkResolver.cpp, line 784]
Event: 1.145 Thread 0x000001a579383680 Exception <a 'java/lang/NoSuchMethodError'{0x000000008b572e68}: 'java.lang.Object java.lang.invoke.Invokers$Holder.linkToTargetMethod(java.lang.Object, java.lang.Object, int, java.lang.Object)'> (0x000000008b572e68) 
thrown [s\src\hotspot\share\interpreter\linkResolver.cpp, line 784]
Event: 1.161 Thread 0x000001a579383680 Exception <a 'java/lang/NoSuchMethodError'{0x000000008b5a1478}: 'void java.lang.invoke.DirectMethodHandle$Holder.invokeSpecial(java.lang.Object, java.lang.Object, java.lang.Object)'> (0x000000008b5a1478) 
thrown [s\src\hotspot\share\interpreter\linkResolver.cpp, line 784]
Event: 1.201 Thread 0x000001a51833ae80 Exception <a 'java/lang/NoSuchMethodError'{0x000000008b48a9c0}: 'void java.lang.invoke.DirectMethodHandle$Holder.invokeStatic(java.lang.Object, java.lang.Object, int)'> (0x000000008b48a9c0) 
thrown [s\src\hotspot\share\interpreter\linkResolver.cpp, line 784]
Event: 1.205 Thread 0x000001a579383680 Exception <a 'java/lang/NoSuchMethodError'{0x000000008b424db8}: 'void java.lang.invoke.DirectMethodHandle$Holder.invokeSpecial(java.lang.Object, java.lang.Object, java.lang.Object, java.lang.Object, java.lang.Object)'> (0x000000008b424db8) 
thrown [s\src\hotspot\share\interpreter\linkResolver.cpp, line 784]
Event: 1.214 Thread 0x000001a51833ae80 Exception <a 'java/lang/NoSuchMethodError'{0x000000008b4c4700}: 'void java.lang.invoke.DirectMethodHandle$Holder.invokeStatic(java.lang.Object, java.lang.Object)'> (0x000000008b4c4700) 
thrown [s\src\hotspot\share\interpreter\linkResolver.cpp, line 784]
Event: 1.221 Thread 0x000001a5183bc6f0 Exception <a 'java/lang/NoSuchMethodError'{0x000000008b311fc0}: 'void java.lang.invoke.DirectMethodHandle$Holder.invokeInterface(java.lang.Object, java.lang.Object, java.lang.Object)'> (0x000000008b311fc0) 
thrown [s\src\hotspot\share\interpreter\linkResolver.cpp, line 784]
Event: 1.235 Thread 0x000001a5183bc6f0 Exception <a 'java/lang/NoSuchMethodError'{0x000000008b360068}: 'void java.lang.invoke.DirectMethodHandle$Holder.invokeVirtual(java.lang.Object, java.lang.Object)'> (0x000000008b360068) 
thrown [s\src\hotspot\share\interpreter\linkResolver.cpp, line 784]

ZGC Phase Switch (0 events):
No events

VM Operations (11 events):
Event: 0.231 Executing VM operation: HandshakeAllThreads (Deoptimize)
Event: 0.231 Executing VM operation: HandshakeAllThreads (Deoptimize) done
Event: 0.253 Executing VM operation: HandshakeAllThreads (Deoptimize)
Event: 0.253 Executing VM operation: HandshakeAllThreads (Deoptimize) done
Event: 0.604 Executing VM operation: HandshakeAllThreads (Deoptimize)
Event: 0.604 Executing VM operation: HandshakeAllThreads (Deoptimize) done
Event: 1.207 Executing VM operation: HandshakeAllThreads (Deoptimize)
Event: 1.207 Executing VM operation: HandshakeAllThreads (Deoptimize) done
Event: 1.207 Executing VM operation: Cleanup
Event: 1.207 Executing VM operation: Cleanup done
Event: 2.213 Executing VM operation: Cleanup

Memory protections (0 events):
No events

Nmethod flushes (0 events):
No events

Events (20 events):
Event: 0.125 Thread 0x000001a579383680 Thread added: 0x000001a513ad9fc0
Event: 0.127 Thread 0x000001a579383680 Thread added: 0x000001a513b26ab0
Event: 0.127 Thread 0x000001a579383680 Thread added: 0x000001a513b27120
Event: 0.128 Thread 0x000001a579383680 Thread added: 0x000001a513b27b80
Event: 0.128 Thread 0x000001a579383680 Thread added: 0x000001a513b2b470
Event: 0.128 Thread 0x000001a579383680 Thread added: 0x000001a513b2f3e0
Event: 0.128 Thread 0x000001a579383680 Thread added: 0x000001a513b34f00
Event: 0.184 Thread 0x000001a579383680 Thread added: 0x000001a513cf38f0
Event: 0.194 Thread 0x000001a579383680 Thread added: 0x000001a513cff7d0
Event: 0.207 Loaded shared library C:\Program Files\JetBrains\IntelliJ IDEA 2024.2.4\jbr\bin\net.dll
Event: 0.211 Loaded shared library C:\Program Files\JetBrains\IntelliJ IDEA 2024.2.4\jbr\bin\nio.dll
Event: 0.225 Loaded shared library C:\Program Files\JetBrains\IntelliJ IDEA 2024.2.4\jbr\bin\zip.dll
Event: 0.370 Loaded shared library C:\Program Files\JetBrains\IntelliJ IDEA 2024.2.4\jbr\bin\jimage.dll
Event: 0.973 Loaded shared library C:\Program Files\JetBrains\IntelliJ IDEA 2024.2.4\jbr\bin\sunmscapi.dll
Event: 1.066 Loaded shared library C:\Program Files\JetBrains\IntelliJ IDEA 2024.2.4\jbr\bin\extnet.dll
Event: 1.077 Thread 0x000001a579383680 Thread added: 0x000001a51833ae80
Event: 1.212 Thread 0x000001a51833ae80 Thread added: 0x000001a5183bc6f0
Event: 1.244 Thread 0x000001a51833ae80 Thread added: 0x000001a5183f5eb0
Event: 1.305 Thread 0x000001a513b2f3e0 Thread added: 0x000001a5183bf6c0
Event: 1.308 Thread 0x000001a513b34f00 Thread added: 0x000001a51843efe0


Dynamic libraries:
0x00007ff653300000 - 0x00007ff65330a000 	C:\Program Files\JetBrains\IntelliJ IDEA 2024.2.4\jbr\bin\java.exe
0x00007ff932000000 - 0x00007ff932268000 	C:\WINDOWS\SYSTEM32\ntdll.dll
0x00007ff931ef0000 - 0x00007ff931fb9000 	C:\WINDOWS\System32\KERNEL32.DLL
0x00007ff92f760000 - 0x00007ff92fb4d000 	C:\WINDOWS\System32\KERNELBASE.dll
0x00007ff92f2a0000 - 0x00007ff92f3eb000 	C:\WINDOWS\System32\ucrtbase.dll
0x00007ff8e78c0000 - 0x00007ff8e78d8000 	C:\Program Files\JetBrains\IntelliJ IDEA 2024.2.4\jbr\bin\jli.dll
0x00007ff912310000 - 0x00007ff91232b000 	C:\Program Files\JetBrains\IntelliJ IDEA 2024.2.4\jbr\bin\VCRUNTIME140.dll
0x00007ff930d40000 - 0x00007ff930f0c000 	C:\WINDOWS\System32\USER32.dll
0x00007ff911d50000 - 0x00007ff911fea000 	C:\WINDOWS\WinSxS\amd64_microsoft.windows.common-controls_6595b64144ccf1df_6.0.26100.4484_none_3e0e6d4ce32ef3b3\COMCTL32.dll
0x00007ff92fb50000 - 0x00007ff92fb77000 	C:\WINDOWS\System32\win32u.dll
0x00007ff92fe10000 - 0x00007ff92feb9000 	C:\WINDOWS\System32\msvcrt.dll
0x00007ff9315e0000 - 0x00007ff93160b000 	C:\WINDOWS\System32\GDI32.dll
0x00007ff92f3f0000 - 0x00007ff92f527000 	C:\WINDOWS\System32\gdi32full.dll
0x00007ff92f530000 - 0x00007ff92f5d3000 	C:\WINDOWS\System32\msvcp_win.dll
0x00007ff92fdd0000 - 0x00007ff92fdff000 	C:\WINDOWS\System32\IMM32.DLL
0x00007ff91b350000 - 0x00007ff91b35c000 	C:\Program Files\JetBrains\IntelliJ IDEA 2024.2.4\jbr\bin\vcruntime140_1.dll
0x00007ff8ceb40000 - 0x00007ff8cebcd000 	C:\Program Files\JetBrains\IntelliJ IDEA 2024.2.4\jbr\bin\msvcp140.dll
0x00007ff8adf90000 - 0x00007ff8aed47000 	C:\Program Files\JetBrains\IntelliJ IDEA 2024.2.4\jbr\bin\server\jvm.dll
0x00007ff931020000 - 0x00007ff9310d4000 	C:\WINDOWS\System32\ADVAPI32.dll
0x00007ff931160000 - 0x00007ff931206000 	C:\WINDOWS\System32\sechost.dll
0x00007ff931670000 - 0x00007ff931788000 	C:\WINDOWS\System32\RPCRT4.dll
0x00007ff92fec0000 - 0x00007ff92ff34000 	C:\WINDOWS\System32\WS2_32.dll
0x00007ff92efa0000 - 0x00007ff92effe000 	C:\WINDOWS\SYSTEM32\POWRPROF.dll
0x00007ff911850000 - 0x00007ff91185b000 	C:\WINDOWS\SYSTEM32\VERSION.dll
0x00007ff9247e0000 - 0x00007ff924815000 	C:\WINDOWS\SYSTEM32\WINMM.dll
0x00007ff92ef80000 - 0x00007ff92ef94000 	C:\WINDOWS\SYSTEM32\UMPDC.dll
0x00007ff92de20000 - 0x00007ff92de3b000 	C:\WINDOWS\SYSTEM32\kernel.appcore.dll
0x00007ff914220000 - 0x00007ff91422a000 	C:\Program Files\JetBrains\IntelliJ IDEA 2024.2.4\jbr\bin\jimage.dll
0x00007ff92c7d0000 - 0x00007ff92ca11000 	C:\WINDOWS\SYSTEM32\DBGHELP.DLL
0x00007ff931880000 - 0x00007ff931c06000 	C:\WINDOWS\System32\combase.dll
0x00007ff9314f0000 - 0x00007ff9315d0000 	C:\WINDOWS\System32\OLEAUT32.dll
0x00007ff90b150000 - 0x00007ff90b193000 	C:\WINDOWS\SYSTEM32\dbgcore.DLL
0x00007ff92fb80000 - 0x00007ff92fc19000 	C:\WINDOWS\System32\bcryptPrimitives.dll
0x00007ff912260000 - 0x00007ff91227f000 	C:\Program Files\JetBrains\IntelliJ IDEA 2024.2.4\jbr\bin\java.dll
0x00007ff912240000 - 0x00007ff912258000 	C:\Program Files\JetBrains\IntelliJ IDEA 2024.2.4\jbr\bin\zip.dll
0x00007ff9305f0000 - 0x00007ff930d3a000 	C:\WINDOWS\System32\SHELL32.dll
0x00007ff92fc20000 - 0x00007ff92fd94000 	C:\WINDOWS\System32\wintypes.dll
0x00007ff92cd50000 - 0x00007ff92d5ab000 	C:\WINDOWS\SYSTEM32\windows.storage.dll
0x00007ff9313d0000 - 0x00007ff9314c5000 	C:\WINDOWS\System32\SHCORE.dll
0x00007ff930f20000 - 0x00007ff930f8a000 	C:\WINDOWS\System32\shlwapi.dll
0x00007ff92f060000 - 0x00007ff92f08f000 	C:\WINDOWS\SYSTEM32\profapi.dll
0x00007ff912230000 - 0x00007ff912240000 	C:\Program Files\JetBrains\IntelliJ IDEA 2024.2.4\jbr\bin\net.dll
0x00007ff91ede0000 - 0x00007ff91eefe000 	C:\WINDOWS\SYSTEM32\WINHTTP.dll
0x00007ff92e430000 - 0x00007ff92e49a000 	C:\WINDOWS\system32\mswsock.dll
0x00007ff911730000 - 0x00007ff911746000 	C:\Program Files\JetBrains\IntelliJ IDEA 2024.2.4\jbr\bin\nio.dll
0x00007ff92e720000 - 0x00007ff92e73b000 	C:\WINDOWS\SYSTEM32\CRYPTSP.dll
0x00007ff92de40000 - 0x00007ff92de7b000 	C:\WINDOWS\system32\rsaenh.dll
0x00007ff92e4e0000 - 0x00007ff92e50b000 	C:\WINDOWS\SYSTEM32\USERENV.dll
0x00007ff92f030000 - 0x00007ff92f056000 	C:\WINDOWS\SYSTEM32\bcrypt.dll
0x00007ff92e710000 - 0x00007ff92e71c000 	C:\WINDOWS\SYSTEM32\CRYPTBASE.dll
0x00007ff92d860000 - 0x00007ff92d893000 	C:\WINDOWS\SYSTEM32\IPHLPAPI.DLL
0x00007ff931010000 - 0x00007ff93101a000 	C:\WINDOWS\System32\NSI.dll
0x00007ff8f5330000 - 0x00007ff8f533e000 	C:\Program Files\JetBrains\IntelliJ IDEA 2024.2.4\jbr\bin\sunmscapi.dll
0x00007ff92f5e0000 - 0x00007ff92f757000 	C:\WINDOWS\System32\CRYPT32.dll
0x00007ff92e950000 - 0x00007ff92e980000 	C:\WINDOWS\SYSTEM32\ncrypt.dll
0x00007ff92e900000 - 0x00007ff92e93f000 	C:\WINDOWS\SYSTEM32\NTASN1.dll
0x00007ff8ef3d0000 - 0x00007ff8ef3d8000 	C:\WINDOWS\system32\wshunix.dll
0x00007ff8f00a0000 - 0x00007ff8f00a9000 	C:\Program Files\JetBrains\IntelliJ IDEA 2024.2.4\jbr\bin\extnet.dll

dbghelp: loaded successfully - version: 4.0.5 - missing functions: none
symbol engine: initialized successfully - sym options: 0x614 - pdb path: .;C:\Program Files\JetBrains\IntelliJ IDEA 2024.2.4\jbr\bin;C:\WINDOWS\SYSTEM32;C:\WINDOWS\WinSxS\amd64_microsoft.windows.common-controls_6595b64144ccf1df_6.0.26100.4484_none_3e0e6d4ce32ef3b3;C:\Program Files\JetBrains\IntelliJ IDEA 2024.2.4\jbr\bin\server

VM Arguments:
java_command: git4idea.http.GitAskPassApp Username for 'https://github.com': 
java_class_path (initial): C:/Program Files/JetBrains/IntelliJ IDEA 2024.2.4/plugins/vcs-git/lib/git4idea-rt.jar;C:/Program Files/JetBrains/IntelliJ IDEA 2024.2.4/lib/externalProcess-rt.jar
Launcher Type: SUN_STANDARD

[Global flags]
     intx CICompilerCount                          = 4                                         {product} {ergonomic}
     uint ConcGCThreads                            = 2                                         {product} {ergonomic}
     uint G1ConcRefinementThreads                  = 8                                         {product} {ergonomic}
   size_t G1HeapRegionSize                         = 1048576                                   {product} {ergonomic}
    uintx GCDrainStackTargetSize                   = 64                                        {product} {ergonomic}
   size_t InitialHeapSize                          = 130023424                                 {product} {ergonomic}
   size_t MarkStackSize                            = 4194304                                   {product} {ergonomic}
   size_t MaxHeapSize                              = 2076180480                                {product} {ergonomic}
   size_t MaxNewSize                               = 1245708288                                {product} {ergonomic}
   size_t MinHeapDeltaBytes                        = 1048576                                   {product} {ergonomic}
   size_t MinHeapSize                              = 8388608                                   {product} {ergonomic}
    uintx NonNMethodCodeHeapSize                   = 5839372                                {pd product} {ergonomic}
    uintx NonProfiledCodeHeapSize                  = 122909434                              {pd product} {ergonomic}
    uintx ProfiledCodeHeapSize                     = 122909434                              {pd product} {ergonomic}
    uintx ReservedCodeCacheSize                    = 251658240                              {pd product} {ergonomic}
     bool SegmentedCodeCache                       = true                                      {product} {ergonomic}
   size_t SoftMaxHeapSize                          = 2076180480                             {manageable} {ergonomic}
     bool UseCompressedOops                        = true                           {product lp64_product} {ergonomic}
     bool UseG1GC                                  = true                                      {product} {ergonomic}
     bool UseLargePagesIndividualAllocation        = false                                  {pd product} {ergonomic}

Logging:
Log output configuration:
 #0: stdout all=warning uptime,level,tags foldmultilines=false
 #1: stderr all=off uptime,level,tags foldmultilines=false

Environment Variables:
JAVA_HOME=C:\Program Files\Java\jdk-22
PATH=C:\Program Files\Git\mingw64\libexec\git-core;C:\Program Files\Git\mingw64\libexec\git-core;C:\Program Files\Git\mingw64\bin;C:\Program Files\Git\usr\bin;C:\Users\zuman\bin;C:\app\zuman\product\21c\dbhomeXE\bin;C:\Program Files\Common Files\Oracle\Java\javapath;C:\WINDOWS\system32;C:\WINDOWS;C:\WINDOWS\System32\Wbem;C:\WINDOWS\System32\WindowsPowerShell\v1.0;C:\WINDOWS\System32\OpenSSH;C:\Program Files\Git\cmd;C:\Program Files\Microsoft VS Code\bin;C:\Program Files\Java\jdk-22\bin;C:\Program Files\apache-maven-3.9.9\bin;C:\Program Files\nodejs;C:\Program Files\MySQL\MySQL Shell 8.0\bin;C:\Users\zuman\AppData\Local\Programs\Python\Launcher;C:\Users\zuman\AppData\Local\Microsoft\WindowsApps;C:\Program Files\JetBrains\PyCharm Community Edition 2024.1.4\bin;C:\Users\zuman\AppData\Local\Programs\Microsoft VS Code\bin;C:\Program Files\JetBrains\IntelliJ IDEA Community Edition 2024.1.4\bin;C:\Users\zuman\flutter\bin;C:\Users\zuman\AppData\Local\GitHubDesktop\bin;C:\Users\zuman\AppData\Local\Programs\Azure Data Studio\bin;C:\Users\zuman\AppData\Local\JetBrains\Toolbox\scripts;C:\Users\zuman\AppData\Local\Microsoft\WindowsApps;C:\Users\zuman\AppData\Roaming\npm
USERNAME=zuman
DISPLAY=:0.0
LC_ALL=en_US.UTF-8
TERM=xterm-256color
TMPDIR=C:\Users\zuman\AppData\Local\Temp
OS=Windows_NT
PROCESSOR_IDENTIFIER=Intel64 Family 6 Model 154 Stepping 4, GenuineIntel
TMP=C:\Users\zuman\AppData\Local\Temp
TEMP=C:\Users\zuman\AppData\Local\Temp




Periodic native trim disabled

JNI global refs:
JNI global refs: 20, weak refs: 0

JNI global refs memory usage: 835, weak refs: 833

Process memory usage:
Resident Set Size: 88064K (1% of 8106488K total physical memory with 895356K free physical memory)

OOME stack traces (most recent first):
Classloader memory used:
Loader bootstrap                                                                       : 16095K
Loader jdk.internal.loader.ClassLoaders$PlatformClassLoader                            : 1630K
Loader jdk.internal.loader.ClassLoaders$AppClassLoader                                 : 16448B

---------------  S Y S T E M  ---------------

OS:
 Windows 11 , 64 bit Build 26100 (10.0.26100.4484)
OS uptime: 1 days 1:49 hours
Hyper-V role detected

CPU: total 8 (initial active 8) (4 cores per cpu, 2 threads per core) family 6 model 154 stepping 4 microcode 0x424, cx8, cmov, fxsr, ht, mmx, 3dnowpref, sse, sse2, sse3, ssse3, sse4.1, sse4.2, popcnt, lzcnt, tsc, tscinvbit, avx, avx2, aes, erms, clmul, bmi1, bmi2, adx, sha, fma, vzeroupper, clflush, clflushopt, clwb, hv, serialize, rdtscp, rdpid, fsrm, f16c, cet_ibt, cet_ss
Processor Information for processor 0
  Max Mhz: 1200, Current Mhz: 1200, Mhz Limit: 1200
Processor Information for processor 1
  Max Mhz: 1200, Current Mhz: 1200, Mhz Limit: 1200
Processor Information for processor 2
  Max Mhz: 1200, Current Mhz: 1200, Mhz Limit: 1200
Processor Information for processor 3
  Max Mhz: 1200, Current Mhz: 1200, Mhz Limit: 1200
Processor Information for processor 4
  Max Mhz: 900, Current Mhz: 900, Mhz Limit: 900
Processor Information for processor 5
  Max Mhz: 900, Current Mhz: 900, Mhz Limit: 900
Processor Information for processor 6
  Max Mhz: 900, Current Mhz: 900, Mhz Limit: 900
Processor Information for processor 7
  Max Mhz: 900, Current Mhz: 900, Mhz Limit: 900

Memory: 4k page, system-wide physical 7916M (874M free)
TotalPageFile size 32492M (AvailPageFile size 18M)
current process WorkingSet (physical memory assigned to process): 86M, peak: 86M
current process commit charge ("private bytes"): 230M, peak: 232M

vm_info: OpenJDK 64-Bit Server VM (21.0.4+13-b509.26) for windows-amd64 JRE (21.0.4+13-b509.26), built on 2024-09-27 by "builduser" with MS VC++ 16.10 / 16.11 (VS2019)

END.
